生成启动时间为 2017/8/8 10:15:56。
     1>项目“C:\MMagton\IT01\Matrix_Dll\Matrix_Lab\Matrix_Lab\Matrix_Lab.vcxproj”在节点 2 上(Build 个目标)。
     1>ClCompile:
         C:\Program Files (x86)\Microsoft Visual Studio 12.0\VC\bin\CL.exe /c /Zi /nologo /W3 /WX- /O2 /Oi /Oy- /GL /D WIN32 /D NDEBUG /D _WINDOWS /D _USRDLL /D MATRIX_LAB_EXPORTS /D _WINDLL /D _UNICODE /D UNICODE /Gm- /EHsc /MD /GS /Gy /fp:precise /Zc:wchar_t /Zc:forScope /Yu"stdafx.h" /Fp"Release\Matrix_Lab.pch" /Fo"Release\\" /Fd"Release\vc120.pdb" /Gd /TP /analyze- /errorReport:prompt Matrix_Lab.cpp
         Matrix_Lab.cpp
     1>Matrix_Lab.cpp(27): warning C4996: 'strcpy': This function or variable may be unsafe. Consider using strcpy_s instead. To disable deprecation, use _CRT_SECURE_NO_WARNINGS. See online help for details.
                 C:\Program Files (x86)\Microsoft Visual Studio 12.0\VC\include\string.h(112) : 参见“strcpy”的声明
     1>Matrix_Lab.cpp(38): warning C4996: 'strcpy': This function or variable may be unsafe. Consider using strcpy_s instead. To disable deprecation, use _CRT_SECURE_NO_WARNINGS. See online help for details.
                 C:\Program Files (x86)\Microsoft Visual Studio 12.0\VC\include\string.h(112) : 参见“strcpy”的声明
       Link:
         C:\Program Files (x86)\Microsoft Visual Studio 12.0\VC\bin\link.exe /ERRORREPORT:PROMPT /OUT:"C:\MMagton\IT01\Matrix_Dll\Matrix_Lab\Release\Matrix_Lab.dll" /INCREMENTAL:NO /NOLOGO kernel32.lib user32.lib gdi32.lib winspool.lib comdlg32.lib advapi32.lib shell32.lib ole32.lib oleaut32.lib uuid.lib odbc32.lib odbccp32.lib /MANIFEST /MANIFESTUAC:"level='asInvoker' uiAccess='false'" /manifest:embed /DEBUG /PDB:"C:\MMagton\IT01\Matrix_Dll\Matrix_Lab\Release\Matrix_Lab.pdb" /SUBSYSTEM:WINDOWS /OPT:REF /OPT:ICF /LTCG /TLBID:1 /DYNAMICBASE /NXCOMPAT /IMPLIB:"C:\MMagton\IT01\Matrix_Dll\Matrix_Lab\Release\Matrix_Lab.lib" /MACHINE:X86 /SAFESEH /DLL Release\dllmain.obj
         Release\Matrix_Lab.obj
         Release\stdafx.obj
            正在创建库 C:\MMagton\IT01\Matrix_Dll\Matrix_Lab\Release\Matrix_Lab.lib 和对象 C:\MMagton\IT01\Matrix_Dll\Matrix_Lab\Release\Matrix_Lab.exp
         正在生成代码
         已完成代码的生成
         Matrix_Lab.vcxproj -> C:\MMagton\IT01\Matrix_Dll\Matrix_Lab\Release\Matrix_Lab.dll
     1>已完成生成项目“C:\MMagton\IT01\Matrix_Dll\Matrix_Lab\Matrix_Lab\Matrix_Lab.vcxproj”(Build 个目标)的操作。

生成成功。

已用时间 00:00:00.92
